2022-07-04 19:51:50.448 INFO  PID_IS_UNDEFINED --- [main] o.s.b.t.context.SpringBootTestContextBootstrapper - Neither @ContextConfiguration nor @ContextHierarchy found for test class [com.example.wj.WjApplicationTests], using SpringBootContextLoader
2022-07-04 19:51:50.456 INFO  PID_IS_UNDEFINED --- [main] o.s.test.context.support.AbstractContextLoader - Could not detect default resource locations for test class [com.example.wj.WjApplicationTests]: no resource found for suffixes {-context.xml, Context.groovy}.
2022-07-04 19:51:50.457 INFO  PID_IS_UNDEFINED --- [main] o.s.t.c.support.AnnotationConfigContextLoaderUtils - Could not detect default configuration classes for test class [com.example.wj.WjApplicationTests]: WjApplicationTests does not declare any static, non-private, non-final, nested classes annotated with @Configuration.
2022-07-04 19:51:50.803 INFO  PID_IS_UNDEFINED --- [main] o.s.b.t.context.SpringBootTestContextBootstrapper - Found @SpringBootConfiguration com.example.wj.WjApplication for test class com.example.wj.WjApplicationTests
2022-07-04 19:51:51.017 INFO  PID_IS_UNDEFINED --- [main] o.s.b.t.context.SpringBootTestContextBootstrapper - Loaded default TestExecutionListener class names from location [META-INF/spring.factories]: [org.springframework.boot.test.mock.mockito.MockitoTestExecutionListener, org.springframework.boot.test.mock.mockito.ResetMocksTestExecutionListener, org.springframework.boot.test.autoconfigure.restdocs.RestDocsTestExecutionListener, org.springframework.boot.test.autoconfigure.web.client.MockRestServiceServerResetTestExecutionListener, org.springframework.boot.test.autoconfigure.web.servlet.MockMvcPrintOnlyOnFailureTestExecutionListener, org.springframework.boot.test.autoconfigure.web.servlet.WebDriverTestExecutionListener, org.springframework.boot.test.autoconfigure.webservices.client.MockWebServiceServerTestExecutionListener, org.springframework.test.context.web.ServletTestExecutionListener, org.springframework.test.context.support.DirtiesContextBeforeModesTestExecutionListener, org.springframework.test.context.event.ApplicationEventsTestExecutionListener, org.springframework.test.context.support.DependencyInjectionTestExecutionListener, org.springframework.test.context.support.DirtiesContextTestExecutionListener, org.springframework.test.context.transaction.TransactionalTestExecutionListener, org.springframework.test.context.jdbc.SqlScriptsTestExecutionListener, org.springframework.test.context.event.EventPublishingTestExecutionListener]
2022-07-04 19:51:51.117 INFO  PID_IS_UNDEFINED --- [main] o.s.b.t.context.SpringBootTestContextBootstrapper - Using TestExecutionListeners: [org.springframework.test.context.web.ServletTestExecutionListener@40dff0b7, org.springframework.test.context.support.DirtiesContextBeforeModesTestExecutionListener@7966baa7, org.springframework.test.context.event.ApplicationEventsTestExecutionListener@60975100, org.springframework.boot.test.mock.mockito.MockitoTestExecutionListener@1253e7cb, org.springframework.boot.test.autoconfigure.SpringBootDependencyInjectionTestExecutionListener@2d36e77e, org.springframework.test.context.support.DirtiesContextTestExecutionListener@61c9c3fd, org.springframework.test.context.event.EventPublishingTestExecutionListener@3b0c9195, org.springframework.boot.test.mock.mockito.ResetMocksTestExecutionListener@366c4480, org.springframework.boot.test.autoconfigure.restdocs.RestDocsTestExecutionListener@2c7b5824, org.springframework.boot.test.autoconfigure.web.client.MockRestServiceServerResetTestExecutionListener@302a07d, org.springframework.boot.test.autoconfigure.web.servlet.MockMvcPrintOnlyOnFailureTestExecutionListener@5cdd09b1, org.springframework.boot.test.autoconfigure.web.servlet.WebDriverTestExecutionListener@8c11eee, org.springframework.boot.test.autoconfigure.webservices.client.MockWebServiceServerTestExecutionListener@7e8dcdaa]
2022-07-04 19:51:51.772 INFO  18996 --- [main] com.example.wj.WjApplicationTests - Starting WjApplicationTests using Java 18.0.1 on DESKTOP-63DTMM7 with PID 18996 (started by lhaisong_xiaoxin in E:\springboot\vue\Vue\wj)
2022-07-04 19:51:51.774 INFO  18996 --- [main] com.example.wj.WjApplicationTests - No active profile set, falling back to 1 default profile: "default"
2022-07-04 19:51:54.292 INFO  18996 --- [main] com.example.wj.WjApplicationTests - Started WjApplicationTests in 3.036 seconds (JVM running for 5.207)
2022-07-04 19:54:11.978 INFO  25844 --- [main] com.example.wj.WjApplication - Starting WjApplication using Java 1.8.0_291 on DESKTOP-63DTMM7 with PID 25844 (E:\springboot\vue\Vue\wj\target\classes started by lhaisong_xiaoxin in E:\springboot\vue\Vue\wj)
2022-07-04 19:54:11.981 INFO  25844 --- [main] com.example.wj.WjApplication - No active profile set, falling back to 1 default profile: "default"
2022-07-04 19:54:12.815 INFO  25844 --- [main] o.s.boot.web.embedded.tomcat.TomcatWebServer - Tomcat initialized with port(s): 8443 (http)
2022-07-04 19:54:12.825 INFO  25844 --- [main] org.apache.coyote.http11.Http11NioProtocol - Initializing ProtocolHandler ["http-nio-8443"]
2022-07-04 19:54:12.825 INFO  25844 --- [main] org.apache.catalina.core.StandardService - Starting service [Tomcat]
2022-07-04 19:54:12.826 INFO  25844 --- [main] org.apache.catalina.core.StandardEngine - Starting Servlet engine: [Apache Tomcat/9.0.64]
2022-07-04 19:54:13.015 INFO  25844 --- [main] o.a.c.core.ContainerBase.[Tomcat].[localhost].[/] - Initializing Spring embedded WebApplicationContext
2022-07-04 19:54:13.015 INFO  25844 --- [main] o.s.b.w.s.c.ServletWebServerApplicationContext - Root WebApplicationContext: initialization completed in 993 ms
2022-07-04 19:54:13.341 INFO  25844 --- [main] org.apache.coyote.http11.Http11NioProtocol - Starting ProtocolHandler ["http-nio-8443"]
2022-07-04 19:54:13.358 INFO  25844 --- [main] o.s.boot.web.embedded.tomcat.TomcatWebServer - Tomcat started on port(s): 8443 (http) with context path ''
2022-07-04 19:54:13.368 INFO  25844 --- [main] com.example.wj.WjApplication - Started WjApplication in 1.807 seconds (JVM running for 4.049)
2022-07-04 19:54:26.045 INFO  25844 --- [http-nio-8443-exec-1] o.a.c.core.ContainerBase.[Tomcat].[localhost].[/] - Initializing Spring DispatcherServlet 'dispatcherServlet'
2022-07-04 19:54:26.045 INFO  25844 --- [http-nio-8443-exec-1] org.springframework.web.servlet.DispatcherServlet - Initializing Servlet 'dispatcherServlet'
2022-07-04 19:54:26.045 INFO  25844 --- [http-nio-8443-exec-1] org.springframework.web.servlet.DispatcherServlet - Completed initialization in 0 ms
2022-07-04 19:56:29.856 INFO  16408 --- [main] com.example.wj.WjApplication - Starting WjApplication using Java 1.8.0_291 on DESKTOP-63DTMM7 with PID 16408 (E:\springboot\vue\Vue\wj\target\classes started by lhaisong_xiaoxin in E:\springboot\vue\Vue\wj)
2022-07-04 19:56:29.859 INFO  16408 --- [main] com.example.wj.WjApplication - No active profile set, falling back to 1 default profile: "default"
2022-07-04 19:56:30.805 INFO  16408 --- [main] o.s.boot.web.embedded.tomcat.TomcatWebServer - Tomcat initialized with port(s): 8443 (http)
2022-07-04 19:56:30.815 INFO  16408 --- [main] org.apache.coyote.http11.Http11NioProtocol - Initializing ProtocolHandler ["http-nio-8443"]
2022-07-04 19:56:30.815 INFO  16408 --- [main] org.apache.catalina.core.StandardService - Starting service [Tomcat]
2022-07-04 19:56:30.816 INFO  16408 --- [main] org.apache.catalina.core.StandardEngine - Starting Servlet engine: [Apache Tomcat/9.0.64]
2022-07-04 19:56:30.956 INFO  16408 --- [main] o.a.c.core.ContainerBase.[Tomcat].[localhost].[/] - Initializing Spring embedded WebApplicationContext
2022-07-04 19:56:30.956 INFO  16408 --- [main] o.s.b.w.s.c.ServletWebServerApplicationContext - Root WebApplicationContext: initialization completed in 1053 ms
2022-07-04 19:56:31.357 INFO  16408 --- [main] org.apache.coyote.http11.Http11NioProtocol - Starting ProtocolHandler ["http-nio-8443"]
2022-07-04 19:56:31.377 INFO  16408 --- [main] o.s.boot.web.embedded.tomcat.TomcatWebServer - Tomcat started on port(s): 8443 (http) with context path ''
2022-07-04 19:56:31.386 INFO  16408 --- [main] com.example.wj.WjApplication - Started WjApplication in 1.921 seconds (JVM running for 3.637)
2022-07-04 19:56:39.519 INFO  16408 --- [http-nio-8443-exec-1] o.a.c.core.ContainerBase.[Tomcat].[localhost].[/] - Initializing Spring DispatcherServlet 'dispatcherServlet'
2022-07-04 19:56:39.519 INFO  16408 --- [http-nio-8443-exec-1] org.springframework.web.servlet.DispatcherServlet - Initializing Servlet 'dispatcherServlet'
2022-07-04 19:56:39.520 INFO  16408 --- [http-nio-8443-exec-1] org.springframework.web.servlet.DispatcherServlet - Completed initialization in 1 ms
2022-07-04 19:57:27.352 WARN  16408 --- [http-nio-8443-exec-4] o.s.w.s.m.support.DefaultHandlerExceptionResolver - Resolved [org.springframework.http.converter.HttpMessageNotReadableException: Required request body is missing: public com.example.wj.common.Result com.example.wj.controller.LoginController.login(com.example.wj.entity.User)]
2022-07-04 19:57:58.506 WARN  16408 --- [http-nio-8443-exec-6] o.s.w.s.m.support.DefaultHandlerExceptionResolver - Resolved [org.springframework.http.converter.HttpMessageNotReadableException: Required request body is missing: public com.example.wj.common.Result com.example.wj.controller.LoginController.login(com.example.wj.entity.User)]
2022-07-04 20:05:21.619 INFO  27576 --- [main] com.example.wj.WjApplication - Starting WjApplication using Java 1.8.0_291 on DESKTOP-63DTMM7 with PID 27576 (E:\springboot\vue\Vue\wj\target\classes started by lhaisong_xiaoxin in E:\springboot\vue\Vue\wj)
2022-07-04 20:05:21.622 INFO  27576 --- [main] com.example.wj.WjApplication - No active profile set, falling back to 1 default profile: "default"
2022-07-04 20:05:22.465 INFO  27576 --- [main] o.s.boot.web.embedded.tomcat.TomcatWebServer - Tomcat initialized with port(s): 8443 (http)
2022-07-04 20:05:22.474 INFO  27576 --- [main] org.apache.coyote.http11.Http11NioProtocol - Initializing ProtocolHandler ["http-nio-8443"]
2022-07-04 20:05:22.475 INFO  27576 --- [main] org.apache.catalina.core.StandardService - Starting service [Tomcat]
2022-07-04 20:05:22.475 INFO  27576 --- [main] org.apache.catalina.core.StandardEngine - Starting Servlet engine: [Apache Tomcat/9.0.64]
2022-07-04 20:05:22.621 INFO  27576 --- [main] o.a.c.core.ContainerBase.[Tomcat].[localhost].[/] - Initializing Spring embedded WebApplicationContext
2022-07-04 20:05:22.622 INFO  27576 --- [main] o.s.b.w.s.c.ServletWebServerApplicationContext - Root WebApplicationContext: initialization completed in 957 ms
2022-07-04 20:05:22.949 INFO  27576 --- [main] org.apache.coyote.http11.Http11NioProtocol - Starting ProtocolHandler ["http-nio-8443"]
2022-07-04 20:05:22.973 INFO  27576 --- [main] o.s.boot.web.embedded.tomcat.TomcatWebServer - Tomcat started on port(s): 8443 (http) with context path ''
2022-07-04 20:05:22.982 INFO  27576 --- [main] com.example.wj.WjApplication - Started WjApplication in 1.755 seconds (JVM running for 3.454)
2022-07-04 20:05:29.213 INFO  27576 --- [http-nio-8443-exec-2] o.a.c.core.ContainerBase.[Tomcat].[localhost].[/] - Initializing Spring DispatcherServlet 'dispatcherServlet'
2022-07-04 20:05:29.214 INFO  27576 --- [http-nio-8443-exec-2] org.springframework.web.servlet.DispatcherServlet - Initializing Servlet 'dispatcherServlet'
2022-07-04 20:05:29.215 INFO  27576 --- [http-nio-8443-exec-2] org.springframework.web.servlet.DispatcherServlet - Completed initialization in 1 ms
2022-07-04 20:13:30.896 INFO  7856 --- [main] com.example.wj.WjApplication - Starting WjApplication using Java 1.8.0_291 on DESKTOP-63DTMM7 with PID 7856 (E:\springboot\vue\Vue\wj\target\classes started by lhaisong_xiaoxin in E:\springboot\vue\Vue\wj)
2022-07-04 20:13:30.899 INFO  7856 --- [main] com.example.wj.WjApplication - No active profile set, falling back to 1 default profile: "default"
2022-07-04 20:13:34.716 INFO  7856 --- [main] o.s.boot.web.embedded.tomcat.TomcatWebServer - Tomcat initialized with port(s): 8443 (http)
2022-07-04 20:13:34.867 INFO  7856 --- [main] org.apache.coyote.http11.Http11NioProtocol - Initializing ProtocolHandler ["http-nio-8443"]
2022-07-04 20:13:34.868 INFO  7856 --- [main] org.apache.catalina.core.StandardService - Starting service [Tomcat]
2022-07-04 20:13:34.875 INFO  7856 --- [main] org.apache.catalina.core.StandardEngine - Starting Servlet engine: [Apache Tomcat/9.0.64]
2022-07-04 20:13:35.067 INFO  7856 --- [main] o.a.c.core.ContainerBase.[Tomcat].[localhost].[/] - Initializing Spring embedded WebApplicationContext
2022-07-04 20:13:35.067 INFO  7856 --- [main] o.s.b.w.s.c.ServletWebServerApplicationContext - Root WebApplicationContext: initialization completed in 4073 ms
2022-07-04 20:13:35.487 INFO  7856 --- [main] org.apache.coyote.http11.Http11NioProtocol - Starting ProtocolHandler ["http-nio-8443"]
2022-07-04 20:13:35.505 INFO  7856 --- [main] o.s.boot.web.embedded.tomcat.TomcatWebServer - Tomcat started on port(s): 8443 (http) with context path ''
2022-07-04 20:13:35.518 INFO  7856 --- [main] com.example.wj.WjApplication - Started WjApplication in 5.029 seconds (JVM running for 7.384)
2022-07-04 20:13:50.437 INFO  7856 --- [http-nio-8443-exec-1] o.a.c.core.ContainerBase.[Tomcat].[localhost].[/] - Initializing Spring DispatcherServlet 'dispatcherServlet'
2022-07-04 20:13:50.438 INFO  7856 --- [http-nio-8443-exec-1] org.springframework.web.servlet.DispatcherServlet - Initializing Servlet 'dispatcherServlet'
2022-07-04 20:13:50.439 INFO  7856 --- [http-nio-8443-exec-1] org.springframework.web.servlet.DispatcherServlet - Completed initialization in 0 ms
2022-07-04 20:13:50.479 WARN  7856 --- [http-nio-8443-exec-2] o.s.w.s.m.support.DefaultHandlerExceptionResolver - Resolved [org.springframework.web.HttpRequestMethodNotSupportedException: Request method 'POST' not supported]
2022-07-04 20:25:53.992 INFO  14208 --- [main] com.example.wj.WjApplication - Starting WjApplication using Java 1.8.0_291 on DESKTOP-63DTMM7 with PID 14208 (E:\springboot\vue\Vue\wj\target\classes started by lhaisong_xiaoxin in E:\springboot\vue\Vue\wj)
2022-07-04 20:25:53.996 INFO  14208 --- [main] com.example.wj.WjApplication - No active profile set, falling back to 1 default profile: "default"
2022-07-04 20:25:55.192 INFO  14208 --- [main] o.s.boot.web.embedded.tomcat.TomcatWebServer - Tomcat initialized with port(s): 8443 (http)
2022-07-04 20:25:55.201 INFO  14208 --- [main] org.apache.coyote.http11.Http11NioProtocol - Initializing ProtocolHandler ["http-nio-8443"]
2022-07-04 20:25:55.202 INFO  14208 --- [main] org.apache.catalina.core.StandardService - Starting service [Tomcat]
2022-07-04 20:25:55.203 INFO  14208 --- [main] org.apache.catalina.core.StandardEngine - Starting Servlet engine: [Apache Tomcat/9.0.64]
2022-07-04 20:25:55.352 INFO  14208 --- [main] o.a.c.core.ContainerBase.[Tomcat].[localhost].[/] - Initializing Spring embedded WebApplicationContext
2022-07-04 20:25:55.353 INFO  14208 --- [main] o.s.b.w.s.c.ServletWebServerApplicationContext - Root WebApplicationContext: initialization completed in 1274 ms
2022-07-04 20:25:55.678 INFO  14208 --- [main] org.apache.coyote.http11.Http11NioProtocol - Starting ProtocolHandler ["http-nio-8443"]
2022-07-04 20:25:55.695 INFO  14208 --- [main] o.s.boot.web.embedded.tomcat.TomcatWebServer - Tomcat started on port(s): 8443 (http) with context path ''
2022-07-04 20:25:55.705 INFO  14208 --- [main] com.example.wj.WjApplication - Started WjApplication in 2.166 seconds (JVM running for 4.134)
2022-07-04 20:26:22.467 INFO  14208 --- [http-nio-8443-exec-1] o.a.c.core.ContainerBase.[Tomcat].[localhost].[/] - Initializing Spring DispatcherServlet 'dispatcherServlet'
2022-07-04 20:26:22.467 INFO  14208 --- [http-nio-8443-exec-1] org.springframework.web.servlet.DispatcherServlet - Initializing Servlet 'dispatcherServlet'
2022-07-04 20:26:22.468 INFO  14208 --- [http-nio-8443-exec-1] org.springframework.web.servlet.DispatcherServlet - Completed initialization in 0 ms
2022-07-04 20:26:22.496 WARN  14208 --- [http-nio-8443-exec-1] o.s.w.s.m.support.DefaultHandlerExceptionResolver - Resolved [org.springframework.web.HttpRequestMethodNotSupportedException: Request method 'POST' not supported]
2022-07-04 20:31:19.717 INFO  29268 --- [main] com.example.wj.WjApplication - Starting WjApplication using Java 1.8.0_291 on DESKTOP-63DTMM7 with PID 29268 (E:\springboot\vue\Vue\wj\target\classes started by lhaisong_xiaoxin in E:\springboot\vue\Vue\wj)
2022-07-04 20:31:19.720 INFO  29268 --- [main] com.example.wj.WjApplication - No active profile set, falling back to 1 default profile: "default"
2022-07-04 20:31:20.669 INFO  29268 --- [main] o.s.boot.web.embedded.tomcat.TomcatWebServer - Tomcat initialized with port(s): 8443 (http)
2022-07-04 20:31:20.676 INFO  29268 --- [main] org.apache.coyote.http11.Http11NioProtocol - Initializing ProtocolHandler ["http-nio-8443"]
2022-07-04 20:31:20.676 INFO  29268 --- [main] org.apache.catalina.core.StandardService - Starting service [Tomcat]
2022-07-04 20:31:20.677 INFO  29268 --- [main] org.apache.catalina.core.StandardEngine - Starting Servlet engine: [Apache Tomcat/9.0.64]
2022-07-04 20:31:20.816 INFO  29268 --- [main] o.a.c.core.ContainerBase.[Tomcat].[localhost].[/] - Initializing Spring embedded WebApplicationContext
2022-07-04 20:31:20.817 INFO  29268 --- [main] o.s.b.w.s.c.ServletWebServerApplicationContext - Root WebApplicationContext: initialization completed in 1052 ms
2022-07-04 20:31:21.131 INFO  29268 --- [main] org.apache.coyote.http11.Http11NioProtocol - Starting ProtocolHandler ["http-nio-8443"]
2022-07-04 20:31:21.149 INFO  29268 --- [main] o.s.boot.web.embedded.tomcat.TomcatWebServer - Tomcat started on port(s): 8443 (http) with context path ''
2022-07-04 20:31:21.160 INFO  29268 --- [main] com.example.wj.WjApplication - Started WjApplication in 2.185 seconds (JVM running for 4.227)
2022-07-04 20:31:32.389 INFO  29268 --- [http-nio-8443-exec-1] o.a.c.core.ContainerBase.[Tomcat].[localhost].[/] - Initializing Spring DispatcherServlet 'dispatcherServlet'
2022-07-04 20:31:32.389 INFO  29268 --- [http-nio-8443-exec-1] org.springframework.web.servlet.DispatcherServlet - Initializing Servlet 'dispatcherServlet'
2022-07-04 20:31:32.390 INFO  29268 --- [http-nio-8443-exec-1] org.springframework.web.servlet.DispatcherServlet - Completed initialization in 1 ms
2022-07-04 20:31:32.409 WARN  29268 --- [http-nio-8443-exec-1] o.s.w.s.m.support.DefaultHandlerExceptionResolver - Resolved [org.springframework.web.HttpRequestMethodNotSupportedException: Request method 'POST' not supported]
2022-07-04 20:32:12.983 WARN  29268 --- [http-nio-8443-exec-2] o.s.w.s.m.support.DefaultHandlerExceptionResolver - Resolved [org.springframework.http.converter.HttpMessageNotReadableException: Required request body is missing: public com.example.wj.common.Result com.example.wj.controller.LoginController.login(com.example.wj.entity.User)]
2022-07-04 20:36:01.186 WARN  29268 --- [http-nio-8443-exec-5] o.s.w.s.m.support.DefaultHandlerExceptionResolver - Resolved [org.springframework.web.HttpRequestMethodNotSupportedException: Request method 'POST' not supported]
2022-07-04 20:40:08.059 WARN  29268 --- [http-nio-8443-exec-7] o.s.w.s.m.support.DefaultHandlerExceptionResolver - Resolved [org.springframework.web.HttpRequestMethodNotSupportedException: Request method 'POST' not supported]
2022-07-04 20:40:31.741 WARN  29268 --- [http-nio-8443-exec-8] o.s.w.s.m.support.DefaultHandlerExceptionResolver - Resolved [org.springframework.web.HttpRequestMethodNotSupportedException: Request method 'POST' not supported]
2022-07-04 20:40:34.294 WARN  29268 --- [http-nio-8443-exec-10] o.s.w.s.m.support.DefaultHandlerExceptionResolver - Resolved [org.springframework.web.HttpRequestMethodNotSupportedException: Request method 'POST' not supported]
